2022.06.08 06:55:38 INFO  tracing is disabled for protocol LSP, to enable tracing of incoming and outgoing JSON messages create an empty file at /workspaces/sts-deco/.metals/lsp.trace.json or /home/vscode/.cache/metals/lsp.trace.json
2022.06.08 06:55:38 INFO  logging to file /workspaces/sts-deco/.metals/metals.log
2022.06.08 06:55:38 INFO  Started: Metals version 0.11.6 in workspace '/workspaces/sts-deco' for client Visual Studio Code 1.67.2.
2022.06.08 06:55:41 INFO  time: initialize in 2.99s
2022.06.08 06:55:42 WARN  Flyway upgrade recommended: H2 2.1.212 is newer than this version of Flyway and support has not been tested. The latest supported version of H2 is 2.1.210.
2022.06.08 06:55:42 WARN  Build server is not auto-connectable.
2022.06.08 06:55:43 WARN  no build target for: /workspaces/sts-deco/sts-deco-api/src/main/scala/com/tomriddelsdell/stsdeco/api/StsdecoService.scala
2022.06.08 06:55:46 INFO  running '/usr/lib/jvm/msopenjdk-11/bin/java -Djline.terminal=jline.UnsupportedTerminal -Dsbt.log.noformat=true -Dfile.encoding=UTF-8 -Xms512M -Xmx4096M -Xss2M -XX:MaxMetaspaceSize=1024M -jar /tmp/metals12015646000536204607/sbt-launch.jar -Dbloop.export-jar-classifiers=sources bloopInstall'
2022.06.08 06:55:46 WARN  no build target for: /workspaces/sts-deco/project/project/metals.sbt
2022.06.08 06:55:46 WARN  no build target for: /workspaces/sts-deco/project/metals.sbt
2022.06.08 06:55:46 INFO  skipping build import with status 'Started'
2022.06.08 06:55:47 INFO  [info] welcome to sbt 1.6.2 (Microsoft Java 11.0.14)
2022.06.08 06:55:49 INFO  [info] loading settings for project sts-deco-build-build-build from metals.sbt ...
2022.06.08 06:55:49 INFO  [info] loading project definition from /workspaces/sts-deco/project/project/project
2022.06.08 06:55:59 INFO  [info] loading settings for project sts-deco-build-build from metals.sbt ...
2022.06.08 06:55:59 INFO  [info] loading project definition from /workspaces/sts-deco/project/project
2022.06.08 06:56:00 INFO  no build target found for /workspaces/sts-deco/sts-deco-api/src/main/scala/com/tomriddelsdell/stsdeco/api/StsdecoService.scala. Using presentation compiler with project's scala-library version: 3.1.2
2022.06.08 06:56:01 INFO  time: code lens generation in 15s
2022.06.08 06:56:01 INFO  time: code lens generation in 17s
2022.06.08 06:56:08 INFO  [success] Generated .bloop/sts-deco-build-build.json
2022.06.08 06:56:08 INFO  [success] Total time: 9 s, completed Jun 8, 2022, 6:56:08 AM
2022.06.08 06:56:08 INFO  [info] loading settings for project sts-deco-build from metals.sbt,plugins.sbt ...
2022.06.08 06:56:08 INFO  [info] loading project definition from /workspaces/sts-deco/project
2022.06.08 06:57:32 WARN  no build target for: /workspaces/sts-deco/sts-deco-impl/src/main/scala/com/tomriddelsdell/stsdeco/impl/StsdecoAggregate.scala
2022.06.08 07:12:34 WARN  no build target for: /workspaces/sts-deco/sts-deco-impl/src/main/scala/com/tomriddelsdell/stsdeco/impl/StsdecoLoader.scala
2022.06.08 07:12:58 WARN  no build target for: /workspaces/sts-deco/sts-deco-impl/src/main/scala/com/tomriddelsdell/stsdeco/impl/StsdecoServiceImpl.scala
Jun 08, 2022 7:14:38 AM org.eclipse.lsp4j.jsonrpc.services.GenericEndpoint notify
INFO: Unsupported notification method: $/setTrace
